
> cpp@1.0.0 build
> setupEnv.bat && build.bat

**********************************************************************
** Visual Studio 2026 Developer Command Prompt v18.1.1
** Copyright (c) 2025 Microsoft Corporation
**********************************************************************
[DEBUG:ext\vcvars.bat] Found potential v145 version file: 'Microsoft.VCToolsVersion.VC.14.50.18.0.txt'
[DEBUG:ext\vcvars.bat] Testing v145 version file: 'Microsoft.VCToolsVersion.VC.14.50.18.0.txt'
WindowManager.cpp
src\windowManager\WindowManager.cpp(32): error C3861: 'IMG_GetError': identifier not found
src\windowManager\WindowManager.cpp(32): error C2676: binary '+': 'std::string' does not define this operator or a conversion to a type acceptable to the predefined operator
C:\Program Files (x86)\Microsoft Visual Studio\18\BuildTools\VC\Tools\MSVC\14.50.35717\include\xutility(2050): note: could be 'std::reverse_iterator<_BidIt> std::operator +(reverse_iterator<_BidIt>::difference_type,const std::reverse_iterator<_BidIt> &) noexcept(<expr>)'
src\windowManager\WindowManager.cpp(32): note: 'std::reverse_iterator<_BidIt> std::operator +(reverse_iterator<_BidIt>::difference_type,const std::reverse_iterator<_BidIt> &) noexcept(<expr>)': could not deduce template argument for 'const std::reverse_iterator<_BidIt> &' from '<error>'
C:\Program Files (x86)\Microsoft Visual Studio\18\BuildTools\VC\Tools\MSVC\14.50.35717\include\xutility(4626): note: or       'std::move_iterator<_Iter> std::operator +(move_iterator<_Iter>::difference_type,const std::move_iterator<_Iter> &) noexcept(<expr>)'
src\windowManager\WindowManager.cpp(32): note: 'std::move_iterator<_Iter> std::operator +(move_iterator<_Iter>::difference_type,const std::move_iterator<_Iter> &) noexcept(<expr>)': could not deduce template argument for 'const std::move_iterator<_Iter> &' from '<error>'
C:\Program Files (x86)\Microsoft Visual Studio\18\BuildTools\VC\Tools\MSVC\14.50.35717\include\xstring(3235): note: or       'std::basic_string<_Elem,_Traits,_Alloc> std::operator +(const std::basic_string<_Elem,_Traits,_Alloc> &,const std::basic_string<_Elem,_Traits,_Alloc> &)'
src\windowManager\WindowManager.cpp(32): note: 'std::basic_string<_Elem,_Traits,_Alloc> std::operator +(const std::basic_string<_Elem,_Traits,_Alloc> &,const std::basic_string<_Elem,_Traits,_Alloc> &)': could not deduce template argument for 'const std::basic_string<_Elem,_Traits,_Alloc> &' from '<error>'
C:\Program Files (x86)\Microsoft Visual Studio\18\BuildTools\VC\Tools\MSVC\14.50.35717\include\xstring(3247): note: or       'std::basic_string<_Elem,_Traits,_Alloc> std::operator +(const _Elem *const ,const std::basic_string<_Elem,_Traits,_Alloc> &)'
src\windowManager\WindowManager.cpp(32): note: 'std::basic_string<_Elem,_Traits,_Alloc> std::operator +(const _Elem *const ,const std::basic_string<_Elem,_Traits,_Alloc> &)': could not deduce template argument for 'const _Elem *const ' from 'std::string'
C:\Program Files (x86)\Microsoft Visual Studio\18\BuildTools\VC\Tools\MSVC\14.50.35717\include\xstring(3260): note: or       'std::basic_string<_Elem,_Traits,_Alloc> std::operator +(const _Elem,const std::basic_string<_Elem,_Traits,_Alloc> &)'
src\windowManager\WindowManager.cpp(32): note: 'std::basic_string<_Elem,_Traits,_Alloc> std::operator +(const _Elem,const std::basic_string<_Elem,_Traits,_Alloc> &)': could not deduce template argument for 'const std::basic_string<_Elem,_Traits,_Alloc> &' from '<error>'
C:\Program Files (x86)\Microsoft Visual Studio\18\BuildTools\VC\Tools\MSVC\14.50.35717\include\xstring(3271): note: or       'std::basic_string<_Elem,_Traits,_Alloc> std::operator +(const std::basic_string<_Elem,_Traits,_Alloc> &,const _Elem *const )'
src\windowManager\WindowManager.cpp(32): note: 'std::basic_string<_Elem,_Traits,_Alloc> std::operator +(const std::basic_string<_Elem,_Traits,_Alloc> &,const _Elem *const )': could not deduce template argument for 'const _Elem *const ' from '<error>'
C:\Program Files (x86)\Microsoft Visual Studio\18\BuildTools\VC\Tools\MSVC\14.50.35717\include\xstring(3284): note: or       'std::basic_string<_Elem,_Traits,_Alloc> std::operator +(const std::basic_string<_Elem,_Traits,_Alloc> &,const _Elem)'
src\windowManager\WindowManager.cpp(32): note: 'std::basic_string<_Elem,_Traits,_Alloc> std::operator +(const std::basic_string<_Elem,_Traits,_Alloc> &,const _Elem)': template parameter '_Elem' is ambiguous
src\windowManager\WindowManager.cpp(32): note: could be '<error>'
src\windowManager\WindowManager.cpp(32): note: or       'char'
src\windowManager\WindowManager.cpp(32): note: 'std::basic_string<_Elem,_Traits,_Alloc> std::operator +(const std::basic_string<_Elem,_Traits,_Alloc> &,const _Elem)': could not deduce template argument for 'const _Elem' from '<error>'
C:\Program Files (x86)\Microsoft Visual Studio\18\BuildTools\VC\Tools\MSVC\14.50.35717\include\xstring(3295): note: or       'std::basic_string<_Elem,_Traits,_Alloc> std::operator +(const std::basic_string<_Elem,_Traits,_Alloc> &,std::basic_string<_Elem,_Traits,_Alloc> &&)'
src\windowManager\WindowManager.cpp(32): note: 'std::basic_string<_Elem,_Traits,_Alloc> std::operator +(const std::basic_string<_Elem,_Traits,_Alloc> &,std::basic_string<_Elem,_Traits,_Alloc> &&)': could not deduce template argument for 'std::basic_string<_Elem,_Traits,_Alloc> &&' from '<error>'
C:\Program Files (x86)\Microsoft Visual Studio\18\BuildTools\VC\Tools\MSVC\14.50.35717\include\xstring(3301): note: or       'std::basic_string<_Elem,_Traits,_Alloc> std::operator +(std::basic_string<_Elem,_Traits,_Alloc> &&,const std::basic_string<_Elem,_Traits,_Alloc> &)'
src\windowManager\WindowManager.cpp(32): note: 'std::basic_string<_Elem,_Traits,_Alloc> std::operator +(std::basic_string<_Elem,_Traits,_Alloc> &&,const std::basic_string<_Elem,_Traits,_Alloc> &)': could not deduce template argument for 'const std::basic_string<_Elem,_Traits,_Alloc> &' from '<error>'
C:\Program Files (x86)\Microsoft Visual Studio\18\BuildTools\VC\Tools\MSVC\14.50.35717\include\xstring(3307): note: or       'std::basic_string<_Elem,_Traits,_Alloc> std::operator +(std::basic_string<_Elem,_Traits,_Alloc> &&,std::basic_string<_Elem,_Traits,_Alloc> &&)'
src\windowManager\WindowManager.cpp(32): note: 'std::basic_string<_Elem,_Traits,_Alloc> std::operator +(std::basic_string<_Elem,_Traits,_Alloc> &&,std::basic_string<_Elem,_Traits,_Alloc> &&)': could not deduce template argument for 'std::basic_string<_Elem,_Traits,_Alloc> &&' from '<error>'
C:\Program Files (x86)\Microsoft Visual Studio\18\BuildTools\VC\Tools\MSVC\14.50.35717\include\xstring(3320): note: or       'std::basic_string<_Elem,_Traits,_Alloc> std::operator +(const _Elem *const ,std::basic_string<_Elem,_Traits,_Alloc> &&)'
src\windowManager\WindowManager.cpp(32): note: 'std::basic_string<_Elem,_Traits,_Alloc> std::operator +(const _Elem *const ,std::basic_string<_Elem,_Traits,_Alloc> &&)': could not deduce template argument for 'const _Elem *const ' from 'std::string'
C:\Program Files (x86)\Microsoft Visual Studio\18\BuildTools\VC\Tools\MSVC\14.50.35717\include\xstring(3326): note: or       'std::basic_string<_Elem,_Traits,_Alloc> std::operator +(const _Elem,std::basic_string<_Elem,_Traits,_Alloc> &&)'
src\windowManager\WindowManager.cpp(32): note: 'std::basic_string<_Elem,_Traits,_Alloc> std::operator +(const _Elem,std::basic_string<_Elem,_Traits,_Alloc> &&)': could not deduce template argument for 'std::basic_string<_Elem,_Traits,_Alloc> &&' from '<error>'
C:\Program Files (x86)\Microsoft Visual Studio\18\BuildTools\VC\Tools\MSVC\14.50.35717\include\xstring(3332): note: or       'std::basic_string<_Elem,_Traits,_Alloc> std::operator +(std::basic_string<_Elem,_Traits,_Alloc> &&,const _Elem *const )'
src\windowManager\WindowManager.cpp(32): note: 'std::basic_string<_Elem,_Traits,_Alloc> std::operator +(std::basic_string<_Elem,_Traits,_Alloc> &&,const _Elem *const )': could not deduce template argument for 'const _Elem *const ' from '<error>'
C:\Program Files (x86)\Microsoft Visual Studio\18\BuildTools\VC\Tools\MSVC\14.50.35717\include\xstring(3338): note: or       'std::basic_string<_Elem,_Traits,_Alloc> std::operator +(std::basic_string<_Elem,_Traits,_Alloc> &&,const _Elem)'
src\windowManager\WindowManager.cpp(32): note: 'std::basic_string<_Elem,_Traits,_Alloc> std::operator +(std::basic_string<_Elem,_Traits,_Alloc> &&,const _Elem)': template parameter '_Elem' is ambiguous
src\windowManager\WindowManager.cpp(32): note: could be '<error>'
src\windowManager\WindowManager.cpp(32): note: or       'char'
src\windowManager\WindowManager.cpp(32): note: 'std::basic_string<_Elem,_Traits,_Alloc> std::operator +(std::basic_string<_Elem,_Traits,_Alloc> &&,const _Elem)': could not deduce template argument for 'const _Elem' from '<error>'
src\windowManager\WindowManager.cpp(32): error C2512: 'std::runtime_error': no appropriate default constructor available
src\windowManager\WindowManager.cpp(32): note: 'std::runtime_error::runtime_error': no appropriate default constructor available
src\windowManager\WindowManager.cpp(32): note: while trying to match the argument list '()'
node:internal/errors:985
  const err = new Error(message);
              ^

Error: Command failed: cl.exe /Zi /Od /EHsc /nologo /I"lib/include" /std:c++17 /Fobuild/objects/ /Fdbuild/compiler.pdb src\windowManager\WindowManager.cpp /c
    at genericNodeError (node:internal/errors:985:15)
    at wrappedFn (node:internal/errors:539:14)
    at checkExecSyncError (node:child_process:925:11)
    at execSync (node:child_process:997:15)
    at file:///C:/Documentos%20-%20Local/Chess/build.js:67:3
    at ModuleJob.run (node:internal/modules/esm/module_job:413:25)
    at async onImport.tracePromise.__proto__ (node:internal/modules/esm/loader:660:26)
    at async asyncRunEntryPointWithESMLoader (node:internal/modules/run_main:101:5) {
  status: 2,
  signal: null,
  output: [ null, null, null ],
  pid: 6836,
  stdout: null,
  stderr: null
}

Node.js v24.12.0
Build failed.
